<?xml version="1.0" encoding="UTF-8"?>
<testng-results ignored="0" total="6" passed="6" failed="0" skipped="0">
  <reporter-output>
  </reporter-output>
  <suite started-at="2021-05-17T20:55:27 IST" name="Suite" finished-at="2021-05-17T20:55:28 IST" duration-ms="124">
    <groups>
    </groups>
    <test started-at="2021-05-17T20:55:27 IST" name="Test" finished-at="2021-05-17T20:55:28 IST" duration-ms="124">
      <class name="com.mahesh.DemoTest1">
        <test-method signature="sum()[pri:0, instance:com.mahesh.DemoTest1@2bbf180e]" started-at="2021-05-17T20:55:27 IST" name="sum" finished-at="2021-05-17T20:55:27 IST" duration-ms="2" status="PASS">
          <reporter-output>
          </reporter-output>
        </test-method> <!-- sum -->
        <test-method signature="sum1()[pri:0, instance:com.mahesh.DemoTest1@2bbf180e]" started-at="2021-05-17T20:55:28 IST" name="sum1" finished-at="2021-05-17T20:55:28 IST" duration-ms="3" status="PASS">
          <reporter-output>
          </reporter-output>
        </test-method> <!-- sum1 -->
      </class> <!-- com.mahesh.DemoTest1 -->
      <class name="com.mahesh.DemoTest2">
        <test-method signature="sum()[pri:0, instance:com.mahesh.DemoTest2@d4342c2]" started-at="2021-05-17T20:55:27 IST" name="sum" finished-at="2021-05-17T20:55:27 IST" duration-ms="3" status="PASS">
          <reporter-output>
          </reporter-output>
        </test-method> <!-- sum -->
        <test-method signature="sum1()[pri:0, instance:com.mahesh.DemoTest2@d4342c2]" started-at="2021-05-17T20:55:27 IST" name="sum1" finished-at="2021-05-17T20:55:27 IST" duration-ms="2" status="PASS">
          <reporter-output>
          </reporter-output>
        </test-method> <!-- sum1 -->
      </class> <!-- com.mahesh.DemoTest2 -->
      <class name="com.mahesh.DemoTest">
        <test-method signature="sum()[pri:0, instance:com.mahesh.DemoTest@4e91d63f]" started-at="2021-05-17T20:55:27 IST" name="sum" finished-at="2021-05-17T20:55:27 IST" duration-ms="33" status="PASS">
          <reporter-output>
          </reporter-output>
        </test-method> <!-- sum -->
        <test-method signature="sum1()[pri:0, instance:com.mahesh.DemoTest@4e91d63f]" started-at="2021-05-17T20:55:27 IST" name="sum1" finished-at="2021-05-17T20:55:27 IST" duration-ms="1" status="PASS">
          <reporter-output>
          </reporter-output>
        </test-method> <!-- sum1 -->
      </class> <!-- com.mahesh.DemoTest -->
    </test> <!-- Test -->
  </suite> <!-- Suite -->
</testng-results>
