<?xml version="1.0" encoding="UTF-8"?>
<!-- Generated by org.testng.reporters.JUnitXMLReporter -->
<testsuite ignored="0" hostname="DESKTOP-C2QOHOE" failures="0" tests="6" name="Test" time="0.124" errors="0" timestamp="2021-05-17T20:55:28 IST">
  <testcase classname="com.mahesh.DemoTest" name="sum" time="0.033"/>
  <testcase classname="com.mahesh.DemoTest" name="sum1" time="0.001"/>
  <testcase classname="com.mahesh.DemoTest2" name="sum" time="0.003"/>
  <testcase classname="com.mahesh.DemoTest2" name="sum1" time="0.002"/>
  <testcase classname="com.mahesh.DemoTest1" name="sum" time="0.002"/>
  <testcase classname="com.mahesh.DemoTest1" name="sum1" time="0.003"/>
</testsuite> <!-- Test -->
